have_header: checking for sqlite3.h... -------------------- yes

"gcc -o conftest -I/Users/riccardotacconi/.rvm/rubies/ruby-1.9.2-head/include/ruby-1.9.1/x86_64-darwin10.7.0 -I/Users/riccardotacconi/.rvm/rubies/ruby-1.9.2-head/include/ruby-1.9.1/ruby/backward -I/Users/riccardotacconi/.rvm/rubies/ruby-1.9.2-head/include/ruby-1.9.1 -I. -I/usr/local/include -I/opt/local/include -I/usr/include -D_XOPEN_SOURCE -D_DARWIN_C_SOURCE   -isysroot /Developer/SDKs/MacOSX10.6.sdk -arch x86_64 -fno-common -pipe -Wall  conftest.c  -L. -L/Users/riccardotacconi/.rvm/rubies/ruby-1.9.2-head/lib -L/usr/local/lib -L/opt/local/lib -L/usr/lib -L. -Wl,-syslibroot /Developer/SDKs/MacOSX10.6.sdk -arch x86_64 -L/usr/local/lib     -lruby.1.9.1-static  -lpthread -ldl -lobjc "
checked program was:
/* begin */
1: #include "ruby.h"
2: 
3: int main() {return 0;}
/* end */

"gcc -E -I/Users/riccardotacconi/.rvm/rubies/ruby-1.9.2-head/include/ruby-1.9.1/x86_64-darwin10.7.0 -I/Users/riccardotacconi/.rvm/rubies/ruby-1.9.2-head/include/ruby-1.9.1/ruby/backward -I/Users/riccardotacconi/.rvm/rubies/ruby-1.9.2-head/include/ruby-1.9.1 -I. -I/usr/local/include -I/opt/local/include -I/usr/include -D_XOPEN_SOURCE -D_DARWIN_C_SOURCE   -isysroot /Developer/SDKs/MacOSX10.6.sdk -arch x86_64 -fno-common -pipe -Wall   conftest.c -o conftest.i"
checked program was:
/* begin */
1: #include "ruby.h"
2: 
3: #include <sqlite3.h>
/* end */

--------------------

have_library: checking for sqlite3_open() in -lsqlite3... -------------------- yes

"gcc -o conftest -I/Users/riccardotacconi/.rvm/rubies/ruby-1.9.2-head/include/ruby-1.9.1/x86_64-darwin10.7.0 -I/Users/riccardotacconi/.rvm/rubies/ruby-1.9.2-head/include/ruby-1.9.1/ruby/backward -I/Users/riccardotacconi/.rvm/rubies/ruby-1.9.2-head/include/ruby-1.9.1 -I. -I/usr/local/include -I/opt/local/include -I/usr/include -D_XOPEN_SOURCE -D_DARWIN_C_SOURCE   -isysroot /Developer/SDKs/MacOSX10.6.sdk -arch x86_64 -fno-common -pipe -Wall  conftest.c  -L. -L/Users/riccardotacconi/.rvm/rubies/ruby-1.9.2-head/lib -L/usr/local/lib -L/opt/local/lib -L/usr/lib -L. -Wl,-syslibroot /Developer/SDKs/MacOSX10.6.sdk -arch x86_64 -L/usr/local/lib     -lruby.1.9.1-static -lsqlite3  -lpthread -ldl -lobjc "
conftest.c: In function ‘t’:
conftest.c:5: error: ‘sqlite3_open’ undeclared (first use in this function)
conftest.c:5: error: (Each undeclared identifier is reported only once
conftest.c:5: error: for each function it appears in.)
checked program was:
/* begin */
1: #include "ruby.h"
2: 
3: /*top*/
4: int main() {return 0;}
5: int t() { void ((*volatile p)()); p = (void ((*)()))sqlite3_open; return 0; }
/* end */

"gcc -o conftest -I/Users/riccardotacconi/.rvm/rubies/ruby-1.9.2-head/include/ruby-1.9.1/x86_64-darwin10.7.0 -I/Users/riccardotacconi/.rvm/rubies/ruby-1.9.2-head/include/ruby-1.9.1/ruby/backward -I/Users/riccardotacconi/.rvm/rubies/ruby-1.9.2-head/include/ruby-1.9.1 -I. -I/usr/local/include -I/opt/local/include -I/usr/include -D_XOPEN_SOURCE -D_DARWIN_C_SOURCE   -isysroot /Developer/SDKs/MacOSX10.6.sdk -arch x86_64 -fno-common -pipe -Wall  conftest.c  -L. -L/Users/riccardotacconi/.rvm/rubies/ruby-1.9.2-head/lib -L/usr/local/lib -L/opt/local/lib -L/usr/lib -L. -Wl,-syslibroot /Developer/SDKs/MacOSX10.6.sdk -arch x86_64 -L/usr/local/lib     -lruby.1.9.1-static -lsqlite3  -lpthread -ldl -lobjc "
conftest.c: In function ‘t’:
conftest.c:5: warning: implicit declaration of function ‘sqlite3_open’
checked program was:
/* begin */
1: #include "ruby.h"
2: 
3: /*top*/
4: int main() {return 0;}
5: int t() { sqlite3_open(); return 0; }
/* end */

--------------------

have_func: checking for localtime_r()... -------------------- yes

"gcc -o conftest -I/Users/riccardotacconi/.rvm/rubies/ruby-1.9.2-head/include/ruby-1.9.1/x86_64-darwin10.7.0 -I/Users/riccardotacconi/.rvm/rubies/ruby-1.9.2-head/include/ruby-1.9.1/ruby/backward -I/Users/riccardotacconi/.rvm/rubies/ruby-1.9.2-head/include/ruby-1.9.1 -I. -I/usr/local/include -I/opt/local/include -I/usr/include -D_XOPEN_SOURCE -D_DARWIN_C_SOURCE   -isysroot /Developer/SDKs/MacOSX10.6.sdk -arch x86_64 -fno-common -pipe -Wall  conftest.c  -L. -L/Users/riccardotacconi/.rvm/rubies/ruby-1.9.2-head/lib -L/usr/local/lib -L/opt/local/lib -L/usr/lib -L. -Wl,-syslibroot /Developer/SDKs/MacOSX10.6.sdk -arch x86_64 -L/usr/local/lib    -lsqlite3  -lruby.1.9.1-static -lsqlite3  -lpthread -ldl -lobjc "
checked program was:
/* begin */
1: #include "ruby.h"
2: 
3: /*top*/
4: int main() {return 0;}
5: int t() { void ((*volatile p)()); p = (void ((*)()))localtime_r; return 0; }
/* end */

--------------------

have_func: checking for gmtime_r()... -------------------- yes

"gcc -o conftest -I/Users/riccardotacconi/.rvm/rubies/ruby-1.9.2-head/include/ruby-1.9.1/x86_64-darwin10.7.0 -I/Users/riccardotacconi/.rvm/rubies/ruby-1.9.2-head/include/ruby-1.9.1/ruby/backward -I/Users/riccardotacconi/.rvm/rubies/ruby-1.9.2-head/include/ruby-1.9.1 -I. -I/usr/local/include -I/opt/local/include -I/usr/include -D_XOPEN_SOURCE -D_DARWIN_C_SOURCE   -isysroot /Developer/SDKs/MacOSX10.6.sdk -arch x86_64 -fno-common -pipe -Wall  conftest.c  -L. -L/Users/riccardotacconi/.rvm/rubies/ruby-1.9.2-head/lib -L/usr/local/lib -L/opt/local/lib -L/usr/lib -L. -Wl,-syslibroot /Developer/SDKs/MacOSX10.6.sdk -arch x86_64 -L/usr/local/lib    -lsqlite3  -lruby.1.9.1-static -lsqlite3  -lpthread -ldl -lobjc "
checked program was:
/* begin */
1: #include "ruby.h"
2: 
3: /*top*/
4: int main() {return 0;}
5: int t() { void ((*volatile p)()); p = (void ((*)()))gmtime_r; return 0; }
/* end */

--------------------

have_func: checking for sqlite3_prepare_v2()... -------------------- yes

"gcc -o conftest -I/Users/riccardotacconi/.rvm/rubies/ruby-1.9.2-head/include/ruby-1.9.1/x86_64-darwin10.7.0 -I/Users/riccardotacconi/.rvm/rubies/ruby-1.9.2-head/include/ruby-1.9.1/ruby/backward -I/Users/riccardotacconi/.rvm/rubies/ruby-1.9.2-head/include/ruby-1.9.1 -I. -I/usr/local/include -I/opt/local/include -I/usr/include -D_XOPEN_SOURCE -D_DARWIN_C_SOURCE   -isysroot /Developer/SDKs/MacOSX10.6.sdk -arch x86_64 -fno-common -pipe -Wall  conftest.c  -L. -L/Users/riccardotacconi/.rvm/rubies/ruby-1.9.2-head/lib -L/usr/local/lib -L/opt/local/lib -L/usr/lib -L. -Wl,-syslibroot /Developer/SDKs/MacOSX10.6.sdk -arch x86_64 -L/usr/local/lib    -lsqlite3  -lruby.1.9.1-static -lsqlite3  -lpthread -ldl -lobjc "
conftest.c: In function ‘t’:
conftest.c:5: error: ‘sqlite3_prepare_v2’ undeclared (first use in this function)
conftest.c:5: error: (Each undeclared identifier is reported only once
conftest.c:5: error: for each function it appears in.)
checked program was:
/* begin */
1: #include "ruby.h"
2: 
3: /*top*/
4: int main() {return 0;}
5: int t() { void ((*volatile p)()); p = (void ((*)()))sqlite3_prepare_v2; return 0; }
/* end */

"gcc -o conftest -I/Users/riccardotacconi/.rvm/rubies/ruby-1.9.2-head/include/ruby-1.9.1/x86_64-darwin10.7.0 -I/Users/riccardotacconi/.rvm/rubies/ruby-1.9.2-head/include/ruby-1.9.1/ruby/backward -I/Users/riccardotacconi/.rvm/rubies/ruby-1.9.2-head/include/ruby-1.9.1 -I. -I/usr/local/include -I/opt/local/include -I/usr/include -D_XOPEN_SOURCE -D_DARWIN_C_SOURCE   -isysroot /Developer/SDKs/MacOSX10.6.sdk -arch x86_64 -fno-common -pipe -Wall  conftest.c  -L. -L/Users/riccardotacconi/.rvm/rubies/ruby-1.9.2-head/lib -L/usr/local/lib -L/opt/local/lib -L/usr/lib -L. -Wl,-syslibroot /Developer/SDKs/MacOSX10.6.sdk -arch x86_64 -L/usr/local/lib    -lsqlite3  -lruby.1.9.1-static -lsqlite3  -lpthread -ldl -lobjc "
conftest.c: In function ‘t’:
conftest.c:5: warning: implicit declaration of function ‘sqlite3_prepare_v2’
checked program was:
/* begin */
1: #include "ruby.h"
2: 
3: /*top*/
4: int main() {return 0;}
5: int t() { sqlite3_prepare_v2(); return 0; }
/* end */

--------------------

have_func: checking for sqlite3_open_v2()... -------------------- yes

"gcc -o conftest -I/Users/riccardotacconi/.rvm/rubies/ruby-1.9.2-head/include/ruby-1.9.1/x86_64-darwin10.7.0 -I/Users/riccardotacconi/.rvm/rubies/ruby-1.9.2-head/include/ruby-1.9.1/ruby/backward -I/Users/riccardotacconi/.rvm/rubies/ruby-1.9.2-head/include/ruby-1.9.1 -I. -I/usr/local/include -I/opt/local/include -I/usr/include -D_XOPEN_SOURCE -D_DARWIN_C_SOURCE   -isysroot /Developer/SDKs/MacOSX10.6.sdk -arch x86_64 -fno-common -pipe -Wall  conftest.c  -L. -L/Users/riccardotacconi/.rvm/rubies/ruby-1.9.2-head/lib -L/usr/local/lib -L/opt/local/lib -L/usr/lib -L. -Wl,-syslibroot /Developer/SDKs/MacOSX10.6.sdk -arch x86_64 -L/usr/local/lib    -lsqlite3  -lruby.1.9.1-static -lsqlite3  -lpthread -ldl -lobjc "
conftest.c: In function ‘t’:
conftest.c:5: error: ‘sqlite3_open_v2’ undeclared (first use in this function)
conftest.c:5: error: (Each undeclared identifier is reported only once
conftest.c:5: error: for each function it appears in.)
checked program was:
/* begin */
1: #include "ruby.h"
2: 
3: /*top*/
4: int main() {return 0;}
5: int t() { void ((*volatile p)()); p = (void ((*)()))sqlite3_open_v2; return 0; }
/* end */

"gcc -o conftest -I/Users/riccardotacconi/.rvm/rubies/ruby-1.9.2-head/include/ruby-1.9.1/x86_64-darwin10.7.0 -I/Users/riccardotacconi/.rvm/rubies/ruby-1.9.2-head/include/ruby-1.9.1/ruby/backward -I/Users/riccardotacconi/.rvm/rubies/ruby-1.9.2-head/include/ruby-1.9.1 -I. -I/usr/local/include -I/opt/local/include -I/usr/include -D_XOPEN_SOURCE -D_DARWIN_C_SOURCE   -isysroot /Developer/SDKs/MacOSX10.6.sdk -arch x86_64 -fno-common -pipe -Wall  conftest.c  -L. -L/Users/riccardotacconi/.rvm/rubies/ruby-1.9.2-head/lib -L/usr/local/lib -L/opt/local/lib -L/usr/lib -L. -Wl,-syslibroot /Developer/SDKs/MacOSX10.6.sdk -arch x86_64 -L/usr/local/lib    -lsqlite3  -lruby.1.9.1-static -lsqlite3  -lpthread -ldl -lobjc "
conftest.c: In function ‘t’:
conftest.c:5: warning: implicit declaration of function ‘sqlite3_open_v2’
checked program was:
/* begin */
1: #include "ruby.h"
2: 
3: /*top*/
4: int main() {return 0;}
5: int t() { sqlite3_open_v2(); return 0; }
/* end */

--------------------

